This file contains any messages produced by compilers while
running configure, to aid debugging if configure makes a mistake.

It was created by docky configure 2.2.1.1, which was
generated by GNU Autoconf 2.69.  Invocation command line was

  $ ./configure --prefix=/usr --sysconfdir=/etc --disable-schemas-install --with-gconf-schema-file-dir=/usr/share/gconf/schemas

## --------- ##
## Platform. ##
## --------- ##

hostname = pierrep
uname -m = x86_64
uname -r = 5.9.11-3-MANJARO
uname -s = Linux
uname -v = #1 SMP PREEMPT Sat Nov 28 09:08:57 UTC 2020

/usr/bin/uname -p = unknown
/bin/uname -X     = unknown

/bin/arch              = unknown
/usr/bin/arch -k       = unknown
/usr/convex/getsysinfo = unknown
/usr/bin/hostinfo      = unknown
/bin/machine           = unknown
/usr/bin/oslevel       = unknown
/bin/universe          = unknown

PATH: /home/pierrep/.rbenv/shims
PATH: /home/pierrep/.local/bin
PATH: /usr/local/bin
PATH: /usr/bin
PATH: /bin
PATH: /usr/local/sbin
PATH: /var/lib/flatpak/exports/bin
PATH: /usr/lib/jvm/default/bin
PATH: /usr/bin/site_perl
PATH: /usr/bin/vendor_perl
PATH: /usr/bin/core_perl
PATH: /var/lib/snapd/snap/bin
PATH: /home/pierrep/.rvm/bin
PATH: /home/pierrep/.rvm/bin


## ----------- ##
## Core tests. ##
## ----------- ##

configure:2500: checking for a BSD-compatible install
configure:2568: result: /usr/bin/install -c
configure:2579: checking whether build environment is sane
configure:2634: result: yes
configure:2783: checking for a thread-safe mkdir -p
configure:2822: result: /usr/bin/mkdir -p
configure:2829: checking for gawk
configure:2845: found /usr/bin/gawk
configure:2856: result: gawk
configure:2867: checking whether make sets $(MAKE)
configure:2889: result: yes
configure:2918: checking whether make supports nested variables
configure:2935: result: yes
configure:3014: checking how to create a pax tar archive
configure:3025: tar --version
tar (GNU tar) 1.32
Copyright (C) 2019 Free Software Foundation, Inc.
License GPLv3+: GNU GPL version 3 or later <https://gnu.org/licenses/gpl.html>.
This is free software: you are free to change and redistribute it.
There is NO WARRANTY, to the extent permitted by law.

Written by John Gilmore and Jay Fenlason.
configure:3028: $? = 0
configure:3068: tardir=conftest.dir && eval tar --format=posix -chf - "$tardir" >conftest.tar
configure:3071: $? = 0
configure:3075: tar -xf - <conftest.tar
configure:3078: $? = 0
configure:3080: cat conftest.dir/file
GrepMe
configure:3083: $? = 0
configure:3096: result: gnutar
configure:3152: checking whether NLS is requested
configure:3161: result: yes
configure:3179: checking for intltool >= 0.35.0
configure:3181: result: 0.51.0 found
configure:3189: checking for intltool-update
configure:3207: found /usr/bin/intltool-update
configure:3219: result: /usr/bin/intltool-update
configure:3229: checking for intltool-merge
configure:3247: found /usr/bin/intltool-merge
configure:3259: result: /usr/bin/intltool-merge
configure:3269: checking for intltool-extract
configure:3287: found /usr/bin/intltool-extract
configure:3299: result: /usr/bin/intltool-extract
configure:3453: checking for xgettext
configure:3471: found /usr/bin/xgettext
configure:3483: result: /usr/bin/xgettext
configure:3493: checking for msgmerge
configure:3511: found /usr/bin/msgmerge
configure:3523: result: /usr/bin/msgmerge
configure:3533: checking for msgfmt
configure:3551: found /usr/bin/msgfmt
configure:3563: result: /usr/bin/msgfmt
configure:3573: checking for gmsgfmt
configure:3604: result: /usr/bin/msgfmt
configure:3624: checking for perl
configure:3642: found /usr/bin/perl
configure:3654: result: /usr/bin/perl
configure:3665: checking for perl >= 5.8.1
configure:3672: result: 5.32.0
configure:3676: checking for XML::Parser
configure:3679: result: ok
configure:3696: checking whether make supports the include directive
configure:3711: make -f confmf.GNU && cat confinc.out
this is the am__doit target
configure:3714: $? = 0
configure:3733: result: yes (GNU style)
configure:3803: checking for gcc
configure:3819: found /usr/bin/gcc
configure:3830: result: gcc
configure:4059: checking for C compiler version
configure:4068: gcc --version >&5
gcc (GCC) 10.2.0
Copyright (C) 2020 Free Software Foundation, Inc.
This is free software; see the source for copying conditions.  There is NO
warranty; not even for MERCHANTABILITY or FITNESS FOR A PARTICULAR PURPOSE.

configure:4079: $? = 0
configure:4068: gcc -v >&5
Using built-in specs.
COLLECT_GCC=gcc
COLLECT_LTO_WRAPPER=/usr/lib/gcc/x86_64-pc-linux-gnu/10.2.0/lto-wrapper
Target: x86_64-pc-linux-gnu
Configured with: /build/gcc/src/gcc/configure --prefix=/usr --libdir=/usr/lib --libexecdir=/usr/lib --mandir=/usr/share/man --infodir=/usr/share/info --with-bugurl=https://bugs.archlinux.org/ --enable-languages=c,c++,ada,fortran,go,lto,objc,obj-c++,d --with-isl --with-linker-hash-style=gnu --with-system-zlib --enable-__cxa_atexit --enable-cet=auto --enable-checking=release --enable-clocale=gnu --enable-default-pie --enable-default-ssp --enable-gnu-indirect-function --enable-gnu-unique-object --enable-install-libiberty --enable-linker-build-id --enable-lto --enable-multilib --enable-plugin --enable-shared --enable-threads=posix --disable-libssp --disable-libstdcxx-pch --disable-libunwind-exceptions --disable-werror gdc_include_dir=/usr/include/dlang/gdc
Thread model: posix
Supported LTO compression algorithms: zlib zstd
gcc version 10.2.0 (GCC) 
configure:4079: $? = 0
configure:4068: gcc -V >&5
gcc: error: unrecognized command-line option '-V'
gcc: fatal error: no input files
compilation terminated.
configure:4079: $? = 1
configure:4068: gcc -qversion >&5
gcc: error: unrecognized command-line option '-qversion'; did you mean '--version'?
gcc: fatal error: no input files
compilation terminated.
configure:4079: $? = 1
configure:4099: checking whether the C compiler works
configure:4121: gcc    conftest.c  >&5
configure:4125: $? = 0
configure:4173: result: yes
configure:4176: checking for C compiler default output file name
configure:4178: result: a.out
configure:4184: checking for suffix of executables
configure:4191: gcc -o conftest    conftest.c  >&5
configure:4195: $? = 0
configure:4217: result: 
configure:4239: checking whether we are cross compiling
configure:4247: gcc -o conftest    conftest.c  >&5
configure:4251: $? = 0
configure:4258: ./conftest
configure:4262: $? = 0
configure:4250: result: no
configure:4255: checking for suffix of object files
configure:4277: gcc -c   conftest.c >&5
configure:4281: $? = 0
configure:4302: result: o
configure:4306: checking whether we are using the GNU C compiler
configure:4325: gcc -c   conftest.c >&5
configure:4325: $? = 0
configure:4334: result: yes
configure:4343: checking whether gcc accepts -g
configure:4363: gcc -c -g  conftest.c >&5
configure:4363: $? = 0
configure:4404: result: yes
configure:4421: checking for gcc option to accept ISO C89
configure:4484: gcc  -c -g -O2  conftest.c >&5
configure:4484: $? = 0
configure:4497: result: none needed
configure:4522: checking whether gcc understands -c and -o together
configure:4544: gcc -c conftest.c -o conftest2.o
configure:4547: $? = 0
configure:4544: gcc -c conftest.c -o conftest2.o
configure:4547: $? = 0
configure:4559: result: yes
configure:4578: checking dependency style of gcc
configure:4689: result: none
configure:4710: checking how to run the C preprocessor
configure:4741: gcc -E  conftest.c
configure:4741: $? = 0
configure:4755: gcc -E  conftest.c
conftest.c:11:10: fatal error: ac_nonexistent.h: No such file or directory
   11 | #include <ac_nonexistent.h>
      |          ^~~~~~~~~~~~~~~~~~
compilation terminated.
configure:4755: $? = 1
configure: failed program was:
| /* confdefs.h */
| #define PACKAGE_NAME "docky"
| #define PACKAGE_TARNAME "docky"
| #define PACKAGE_VERSION "2.2.1.1"
| #define PACKAGE_STRING "docky 2.2.1.1"
| #define PACKAGE_BUGREPORT "https://bugs.launchpad.net/docky"
| #define PACKAGE_URL "https://launchpad.net/docky"
| #define PACKAGE "docky"
| #define VERSION "2.2.1.1"
| /* end confdefs.h.  */
| #include <ac_nonexistent.h>
configure:4780: result: gcc -E
configure:4800: gcc -E  conftest.c
configure:4800: $? = 0
configure:4814: gcc -E  conftest.c
conftest.c:11:10: fatal error: ac_nonexistent.h: No such file or directory
   11 | #include <ac_nonexistent.h>
      |          ^~~~~~~~~~~~~~~~~~
compilation terminated.
configure:4814: $? = 1
configure: failed program was:
| /* confdefs.h */
| #define PACKAGE_NAME "docky"
| #define PACKAGE_TARNAME "docky"
| #define PACKAGE_VERSION "2.2.1.1"
| #define PACKAGE_STRING "docky 2.2.1.1"
| #define PACKAGE_BUGREPORT "https://bugs.launchpad.net/docky"
| #define PACKAGE_URL "https://launchpad.net/docky"
| #define PACKAGE "docky"
| #define VERSION "2.2.1.1"
| /* end confdefs.h.  */
| #include <ac_nonexistent.h>
configure:4843: checking for grep that handles long lines and -e
configure:4901: result: /usr/bin/grep
configure:4906: checking for egrep
configure:4968: result: /usr/bin/grep -E
configure:4973: checking for ANSI C header files
configure:4993: gcc -c -g -O2  conftest.c >&5
configure:4993: $? = 0
configure:5066: gcc -o conftest -g -O2   conftest.c  >&5
configure:5066: $? = 0
configure:5066: ./conftest
configure:5066: $? = 0
configure:5077: result: yes
configure:5090: checking for sys/types.h
configure:5090: gcc -c -g -O2  conftest.c >&5
configure:5090: $? = 0
configure:5090: result: yes
configure:5090: checking for sys/stat.h
configure:5090: gcc -c -g -O2  conftest.c >&5
configure:5090: $? = 0
configure:5090: result: yes
configure:5090: checking for stdlib.h
configure:5090: gcc -c -g -O2  conftest.c >&5
configure:5090: $? = 0
configure:5090: result: yes
configure:5090: checking for string.h
configure:5090: gcc -c -g -O2  conftest.c >&5
configure:5090: $? = 0
configure:5090: result: yes
configure:5090: checking for memory.h
configure:5090: gcc -c -g -O2  conftest.c >&5
configure:5090: $? = 0
configure:5090: result: yes
configure:5090: checking for strings.h
configure:5090: gcc -c -g -O2  conftest.c >&5
configure:5090: $? = 0
configure:5090: result: yes
configure:5090: checking for inttypes.h
configure:5090: gcc -c -g -O2  conftest.c >&5
configure:5090: $? = 0
configure:5090: result: yes
configure:5090: checking for stdint.h
configure:5090: gcc -c -g -O2  conftest.c >&5
configure:5090: $? = 0
configure:5090: result: yes
configure:5090: checking for unistd.h
configure:5090: gcc -c -g -O2  conftest.c >&5
configure:5090: $? = 0
configure:5090: result: yes
configure:5114: checking locale.h usability
configure:5114: gcc -c -g -O2  conftest.c >&5
configure:5114: $? = 0
configure:5114: result: yes
configure:5114: checking locale.h presence
configure:5114: gcc -E  conftest.c
configure:5114: $? = 0
configure:5114: result: yes
configure:5114: checking for locale.h
configure:5114: result: yes
configure:5125: checking for LC_MESSAGES
configure:5141: gcc -o conftest -g -O2   conftest.c  >&5
configure:5141: $? = 0
configure:5149: result: yes
configure:5167: checking for CFPreferencesCopyAppValue
configure:5185: gcc -o conftest -g -O2   conftest.c  -Wl,-framework -Wl,CoreFoundation >&5
conftest.c:24:10: fatal error: CoreFoundation/CFPreferences.h: No such file or directory
   24 | #include <CoreFoundation/CFPreferences.h>
      |          ^~~~~~~~~~~~~~~~~~~~~~~~~~~~~~~~
compilation terminated.
configure:5185: $? = 1
configure: failed program was:
| /* confdefs.h */
| #define PACKAGE_NAME "docky"
| #define PACKAGE_TARNAME "docky"
| #define PACKAGE_VERSION "2.2.1.1"
| #define PACKAGE_STRING "docky 2.2.1.1"
| #define PACKAGE_BUGREPORT "https://bugs.launchpad.net/docky"
| #define PACKAGE_URL "https://launchpad.net/docky"
| #define PACKAGE "docky"
| #define VERSION "2.2.1.1"
| #define STDC_HEADERS 1
| #define HAVE_SYS_TYPES_H 1
| #define HAVE_SYS_STAT_H 1
| #define HAVE_STDLIB_H 1
| #define HAVE_STRING_H 1
| #define HAVE_MEMORY_H 1
| #define HAVE_STRINGS_H 1
| #define HAVE_INTTYPES_H 1
| #define HAVE_STDINT_H 1
| #define HAVE_UNISTD_H 1
| #define GETTEXT_PACKAGE "docky"
| #define HAVE_LOCALE_H 1
| #define HAVE_LC_MESSAGES 1
| /* end confdefs.h.  */
| #include <CoreFoundation/CFPreferences.h>
| int
| main ()
| {
| CFPreferencesCopyAppValue(NULL, NULL)
|   ;
|   return 0;
| }
configure:5194: result: no
configure:5201: checking for CFLocaleCopyCurrent
configure:5219: gcc -o conftest -g -O2   conftest.c  -Wl,-framework -Wl,CoreFoundation >&5
conftest.c:24:10: fatal error: CoreFoundation/CFLocale.h: No such file or directory
   24 | #include <CoreFoundation/CFLocale.h>
      |          ^~~~~~~~~~~~~~~~~~~~~~~~~~~
compilation terminated.
configure:5219: $? = 1
configure: failed program was:
| /* confdefs.h */
| #define PACKAGE_NAME "docky"
| #define PACKAGE_TARNAME "docky"
| #define PACKAGE_VERSION "2.2.1.1"
| #define PACKAGE_STRING "docky 2.2.1.1"
| #define PACKAGE_BUGREPORT "https://bugs.launchpad.net/docky"
| #define PACKAGE_URL "https://launchpad.net/docky"
| #define PACKAGE "docky"
| #define VERSION "2.2.1.1"
| #define STDC_HEADERS 1
| #define HAVE_SYS_TYPES_H 1
| #define HAVE_SYS_STAT_H 1
| #define HAVE_STDLIB_H 1
| #define HAVE_STRING_H 1
| #define HAVE_MEMORY_H 1
| #define HAVE_STRINGS_H 1
| #define HAVE_INTTYPES_H 1
| #define HAVE_STDINT_H 1
| #define HAVE_UNISTD_H 1
| #define GETTEXT_PACKAGE "docky"
| #define HAVE_LOCALE_H 1
| #define HAVE_LC_MESSAGES 1
| /* end confdefs.h.  */
| #include <CoreFoundation/CFLocale.h>
| int
| main ()
| {
| CFLocaleCopyCurrent();
|   ;
|   return 0;
| }
configure:5228: result: no
configure:5242: checking libintl.h usability
configure:5242: gcc -c -g -O2  conftest.c >&5
configure:5242: $? = 0
configure:5242: result: yes
configure:5242: checking libintl.h presence
configure:5242: gcc -E  conftest.c
configure:5242: $? = 0
configure:5242: result: yes
configure:5242: checking for libintl.h
configure:5242: result: yes
configure:5250: checking for ngettext in libc
configure:5268: gcc -o conftest -g -O2   conftest.c  >&5
configure:5268: $? = 0
configure:5277: result: yes
configure:5281: checking for dgettext in libc
configure:5299: gcc -o conftest -g -O2   conftest.c  >&5
configure:5299: $? = 0
configure:5308: result: yes
configure:5315: checking for bind_textdomain_codeset
configure:5315: gcc -o conftest -g -O2   conftest.c  >&5
configure:5315: $? = 0
configure:5315: result: yes
configure:5591: checking for msgfmt
configure:5618: result: /usr/bin/msgfmt
configure:5629: checking for dcgettext
configure:5629: gcc -o conftest -g -O2   conftest.c   >&5
conftest.c:49:6: warning: conflicting types for built-in function 'dcgettext'; expected 'char *(const char *, const char *, int)' [-Wbuiltin-declaration-mismatch]
   49 | char dcgettext ();
      |      ^~~~~~~~~
configure:5629: $? = 0
configure:5629: result: yes
configure:5639: checking if msgfmt accepts -c
configure:5654: $MSGFMT -c -o /dev/null conftest.foo
conftest.foo:3: warning: header field 'Language' missing in header
configure:5657: $? = 0
configure:5659: result: yes
configure:5669: checking for gmsgfmt
configure:5700: result: /usr/bin/msgfmt
configure:5710: checking for xgettext
configure:5737: result: /usr/bin/xgettext
configure:5756: gcc -o conftest -g -O2   conftest.c   >&5
configure:5756: $? = 0
configure:5838: checking for catalogs to be installed
configure:5863: result:  af ar ast be bg bn bs ca cs da de el en_AU en_GB es et eu fa fi fil fo fr gd gl he hi hr hu hy id is it ja jv kk ko ky lt ml ms nb nl nn oc or pl ps pt pt_BR ro ru si sk sl sr sv ta te th tr ug uk uz vi zh_CN zh_HK zh_TW
configure:5976: checking for pkg-config
configure:5994: found /usr/bin/pkg-config
configure:6006: result: /usr/bin/pkg-config
configure:6031: checking pkg-config is at least version 0.21
configure:6034: result: yes
configure:6092: checking for gcc
configure:6119: result: gcc
configure:6348: checking for C compiler version
configure:6357: gcc --version >&5
gcc (GCC) 10.2.0
Copyright (C) 2020 Free Software Foundation, Inc.
This is free software; see the source for copying conditions.  There is NO
warranty; not even for MERCHANTABILITY or FITNESS FOR A PARTICULAR PURPOSE.

configure:6368: $? = 0
configure:6357: gcc -v >&5
Using built-in specs.
COLLECT_GCC=gcc
COLLECT_LTO_WRAPPER=/usr/lib/gcc/x86_64-pc-linux-gnu/10.2.0/lto-wrapper
Target: x86_64-pc-linux-gnu
Configured with: /build/gcc/src/gcc/configure --prefix=/usr --libdir=/usr/lib --libexecdir=/usr/lib --mandir=/usr/share/man --infodir=/usr/share/info --with-bugurl=https://bugs.archlinux.org/ --enable-languages=c,c++,ada,fortran,go,lto,objc,obj-c++,d --with-isl --with-linker-hash-style=gnu --with-system-zlib --enable-__cxa_atexit --enable-cet=auto --enable-checking=release --enable-clocale=gnu --enable-default-pie --enable-default-ssp --enable-gnu-indirect-function --enable-gnu-unique-object --enable-install-libiberty --enable-linker-build-id --enable-lto --enable-multilib --enable-plugin --enable-shared --enable-threads=posix --disable-libssp --disable-libstdcxx-pch --disable-libunwind-exceptions --disable-werror gdc_include_dir=/usr/include/dlang/gdc
Thread model: posix
Supported LTO compression algorithms: zlib zstd
gcc version 10.2.0 (GCC) 
configure:6368: $? = 0
configure:6357: gcc -V >&5
gcc: error: unrecognized command-line option '-V'
gcc: fatal error: no input files
compilation terminated.
configure:6368: $? = 1
configure:6357: gcc -qversion >&5
gcc: error: unrecognized command-line option '-qversion'; did you mean '--version'?
gcc: fatal error: no input files
compilation terminated.
configure:6368: $? = 1
configure:6372: checking whether we are using the GNU C compiler
configure:6400: result: yes
configure:6409: checking whether gcc accepts -g
configure:6470: result: yes
configure:6487: checking for gcc option to accept ISO C89
configure:6563: result: none needed
configure:6588: checking whether gcc understands -c and -o together
configure:6625: result: yes
configure:6644: checking dependency style of gcc
configure:6755: result: none
configure:6770: checking for ANSI C header files
configure:6874: result: yes
configure:6888: checking for mono
configure:6906: found /usr/bin/mono
configure:6919: result: /usr/bin/mono
configure:6940: checking for mcs
configure:6958: found /usr/bin/mcs
configure:6971: result: /usr/bin/mcs
configure:7056: checking for GCONF
configure:7063: $PKG_CONFIG --exists --print-errors "gconf-2.0"
configure:7066: $? = 0
configure:7080: $PKG_CONFIG --exists --print-errors "gconf-2.0"
configure:7083: $? = 0
configure:7141: result: yes
configure:7147: checking for gconftool-2
configure:7165: found /usr/bin/gconftool-2
configure:7177: result: /usr/bin/gconftool-2
configure:7200: result: Using config source xml:merged:/etc/gconf/gconf.xml.defaults for schema installation
configure:7215: result: Using /usr/share/gconf/schemas as install directory for schema files
configure:7238: checking for gapi2-fixup
configure:7256: found /usr/bin/gapi2-fixup
configure:7269: result: /usr/bin/gapi2-fixup
configure:7283: checking for gapi2-codegen
configure:7301: found /usr/bin/gapi2-codegen
configure:7314: result: /usr/bin/gapi2-codegen
configure:7381: checking for GCONF_SHARP_20
configure:7388: $PKG_CONFIG --exists --print-errors "gconf-sharp-2.0"
configure:7391: $? = 0
configure:7405: $PKG_CONFIG --exists --print-errors "gconf-sharp-2.0"
configure:7408: $? = 0
configure:7466: result: yes
configure:7472: checking for GLIB_SHARP_20
configure:7479: $PKG_CONFIG --exists --print-errors "glib-sharp-2.0"
configure:7482: $? = 0
configure:7496: $PKG_CONFIG --exists --print-errors "glib-sharp-2.0"
configure:7499: $? = 0
configure:7557: result: yes
configure:7564: checking for GIO_SHARP
configure:7571: $PKG_CONFIG --exists --print-errors "gio-sharp-2.0 >= $GIO_SHARP_REQUIRED_VERSION"
configure:7574: $? = 0
configure:7588: $PKG_CONFIG --exists --print-errors "gio-sharp-2.0 >= $GIO_SHARP_REQUIRED_VERSION"
configure:7591: $? = 0
configure:7649: result: yes
configure:7665: checking for GKEYFILE_SHARP
configure:7672: $PKG_CONFIG --exists --print-errors "gkeyfile-sharp"
configure:7675: $? = 0
configure:7689: $PKG_CONFIG --exists --print-errors "gkeyfile-sharp"
configure:7692: $? = 0
configure:7750: result: yes
configure:7756: checking for GNOME_KEYRING_SHARP
configure:7763: $PKG_CONFIG --exists --print-errors "gnome-keyring-sharp-1.0"
configure:7766: $? = 0
configure:7780: $PKG_CONFIG --exists --print-errors "gnome-keyring-sharp-1.0"
configure:7783: $? = 0
configure:7841: result: yes
configure:7847: checking for GTK_SHARP_20
configure:7854: $PKG_CONFIG --exists --print-errors "gtk-sharp-2.0"
configure:7857: $? = 0
configure:7871: $PKG_CONFIG --exists --print-errors "gtk-sharp-2.0"
configure:7874: $? = 0
configure:7932: result: yes
configure:7938: checking for MONO_ADDINS
configure:7945: $PKG_CONFIG --exists --print-errors "mono-addins"
configure:7948: $? = 0
configure:7962: $PKG_CONFIG --exists --print-errors "mono-addins"
configure:7965: $? = 0
configure:8023: result: yes
configure:8029: checking for MONO_ADDINS_GUI
configure:8036: $PKG_CONFIG --exists --print-errors "mono-addins-gui"
configure:8039: $? = 0
configure:8053: $PKG_CONFIG --exists --print-errors "mono-addins-gui"
configure:8056: $? = 0
configure:8114: result: yes
configure:8120: checking for MONO_ADDINS_SETUP
configure:8127: $PKG_CONFIG --exists --print-errors "mono-addins-setup"
configure:8130: $? = 0
configure:8144: $PKG_CONFIG --exists --print-errors "mono-addins-setup"
configure:8147: $? = 0
configure:8205: result: yes
configure:8211: checking for MONO_CAIRO
configure:8218: $PKG_CONFIG --exists --print-errors "mono-cairo"
configure:8221: $? = 0
configure:8235: $PKG_CONFIG --exists --print-errors "mono-cairo"
configure:8238: $? = 0
configure:8296: result: yes
configure:8302: checking for DBUS_SHARP
configure:8309: $PKG_CONFIG --exists --print-errors "dbus-sharp-2.0 >= $DBUS_SHARP_REQUIRED_VERSION"
configure:8312: $? = 0
configure:8326: $PKG_CONFIG --exists --print-errors "dbus-sharp-2.0 >= $DBUS_SHARP_REQUIRED_VERSION"
configure:8329: $? = 0
configure:8387: result: yes
configure:8393: checking for DBUS_SHARP_GLIB
configure:8400: $PKG_CONFIG --exists --print-errors "dbus-sharp-glib-2.0 >= $DBUS_SHARP_GLIB_REQUIRED_VERSION"
configure:8403: $? = 0
configure:8417: $PKG_CONFIG --exists --print-errors "dbus-sharp-glib-2.0 >= $DBUS_SHARP_GLIB_REQUIRED_VERSION"
configure:8420: $? = 0
configure:8478: result: yes
configure:8484: checking for NOTIFY_SHARP
configure:8491: $PKG_CONFIG --exists --print-errors "notify-sharp"
configure:8494: $? = 0
configure:8508: $PKG_CONFIG --exists --print-errors "notify-sharp"
configure:8511: $? = 0
configure:8569: result: yes
configure:8576: checking for GIO
configure:8583: $PKG_CONFIG --exists --print-errors "gio-2.0 >= $GLIB_REQUIRED_VERSION"
configure:8586: $? = 0
configure:8600: $PKG_CONFIG --exists --print-errors "gio-2.0 >= $GLIB_REQUIRED_VERSION"
configure:8603: $? = 0
configure:8661: result: yes
configure:8667: checking for GTK
configure:8674: $PKG_CONFIG --exists --print-errors "gtk+-2.0 >= $GTK_REQUIRED_VERSION"
configure:8677: $? = 0
configure:8691: $PKG_CONFIG --exists --print-errors "gtk+-2.0 >= $GTK_REQUIRED_VERSION"
configure:8694: $? = 0
configure:8752: result: yes
configure:8758: checking for GLIB
configure:8765: $PKG_CONFIG --exists --print-errors "gobject-2.0 >= $GLIB_REQUIRED_VERSION"
configure:8768: $? = 0
configure:8782: $PKG_CONFIG --exists --print-errors "gobject-2.0 >= $GLIB_REQUIRED_VERSION"
configure:8785: $? = 0
configure:8843: result: yes
configure:8849: checking for GDK_PIXBUF
configure:8856: $PKG_CONFIG --exists --print-errors "gdk-pixbuf-2.0 >= $GDK_PIXBUF_REQUIRED_VERSION"
configure:8859: $? = 0
configure:8873: $PKG_CONFIG --exists --print-errors "gdk-pixbuf-2.0 >= $GDK_PIXBUF_REQUIRED_VERSION"
configure:8876: $? = 0
configure:8934: result: yes
configure:8940: checking for WNCK
configure:8947: $PKG_CONFIG --exists --print-errors "libwnck-1.0 >= $WNCK_REQUIRED_VERSION"
configure:8950: $? = 0
configure:8964: $PKG_CONFIG --exists --print-errors "libwnck-1.0 >= $WNCK_REQUIRED_VERSION"
configure:8967: $? = 0
configure:9025: result: yes
configure:9263: checking that generated files are newer than configure
configure:9269: result: done
configure:9324: creating ./config.status

## ---------------------- ##
## Running config.status. ##
## ---------------------- ##

This file was extended by docky config.status 2.2.1.1, which was
generated by GNU Autoconf 2.69.  Invocation command line was

  CONFIG_FILES    = 
  CONFIG_HEADERS  = 
  CONFIG_LINKS    = 
  CONFIG_COMMANDS = 
  $ ./config.status 

on pierrep

config.status:1019: creating Docky/Makefile
config.status:1019: creating Docky.CairoHelper/Makefile
config.status:1019: creating Docky.DBus/Makefile
config.status:1019: creating Docky.Items/Makefile
config.status:1019: creating Docky.Widgets/Makefile
config.status:1019: creating Docky.Services/Makefile
config.status:1019: creating Docky.Services/AssemblyInfo.cs
config.status:1019: creating Docky/docky
config.status:1019: creating Docky/AssemblyInfo.cs
config.status:1019: creating StandardPlugins/Makefile
config.status:1019: creating StandardPlugins/BatteryMonitor/Makefile
config.status:1019: creating StandardPlugins/BatteryMonitor/Resources/BatteryMonitor.addin.xml
config.status:1019: creating StandardPlugins/Bookmarks/Makefile
config.status:1019: creating StandardPlugins/Bookmarks/Resources/Bookmarks.addin.xml
config.status:1019: creating StandardPlugins/Clippy/Makefile
config.status:1019: creating StandardPlugins/Clippy/Resources/Clippy.addin.xml
config.status:1019: creating StandardPlugins/Clock/Makefile
config.status:1019: creating StandardPlugins/Clock/Resources/Clock.addin.xml
config.status:1019: creating StandardPlugins/Clock/Themes/Makefile
config.status:1019: creating StandardPlugins/Clock/Themes/Default/Makefile
config.status:1019: creating StandardPlugins/Clock/Themes/Default24/Makefile
config.status:1019: creating StandardPlugins/CPUMonitor/Makefile
config.status:1019: creating StandardPlugins/CPUMonitor/Resources/CPUMonitor.addin.xml
config.status:1019: creating StandardPlugins/Desktop/Makefile
config.status:1019: creating StandardPlugins/Desktop/Resources/Desktop.addin.xml
config.status:1019: creating StandardPlugins/GMail/Makefile
config.status:1019: creating StandardPlugins/GMail/Resources/GMail.addin.xml
config.status:1019: creating StandardPlugins/Mounter/Makefile
config.status:1019: creating StandardPlugins/Mounter/Resources/Mounter.addin.xml
config.status:1019: creating StandardPlugins/NetworkManager/Makefile
config.status:1019: creating StandardPlugins/NetworkManager/Resources/NetworkManager.addin.xml
config.status:1019: creating StandardPlugins/NetworkMonitor/Makefile
config.status:1019: creating StandardPlugins/NetworkMonitor/Resources/NetworkMonitor.addin.xml
config.status:1019: creating StandardPlugins/NPR/Makefile
config.status:1019: creating StandardPlugins/NPR/Resources/NPR.addin.xml
config.status:1019: creating StandardPlugins/RecentDocuments/Makefile
config.status:1019: creating StandardPlugins/RecentDocuments/Resources/RecentDocuments.addin.xml
config.status:1019: creating StandardPlugins/SessionManager/Makefile
config.status:1019: creating StandardPlugins/SessionManager/Resources/SessionManager.addin.xml
config.status:1019: creating StandardPlugins/Timer/Makefile
config.status:1019: creating StandardPlugins/Timer/Resources/Timer.addin.xml
config.status:1019: creating StandardPlugins/Trash/Makefile
config.status:1019: creating StandardPlugins/Trash/Resources/Trash.addin.xml
config.status:1019: creating StandardPlugins/Weather/Makefile
config.status:1019: creating StandardPlugins/Weather/Resources/Weather.addin.xml
config.status:1019: creating StandardPlugins/WorkspaceSwitcher/Makefile
config.status:1019: creating StandardPlugins/WorkspaceSwitcher/Resources/WorkspaceSwitcher.addin.xml
config.status:1019: creating Makefile
config.status:1019: creating data/Makefile
config.status:1019: creating data/icons/Makefile
config.status:1019: creating data/icons/hicolor/16x16/Makefile
config.status:1019: creating data/icons/hicolor/16x16/apps/Makefile
config.status:1019: creating data/icons/hicolor/22x22/Makefile
config.status:1019: creating data/icons/hicolor/22x22/apps/Makefile
config.status:1019: creating data/icons/hicolor/24x24/Makefile
config.status:1019: creating data/icons/hicolor/24x24/apps/Makefile
config.status:1019: creating data/icons/hicolor/32x32/Makefile
config.status:1019: creating data/icons/hicolor/32x32/apps/Makefile
config.status:1019: creating data/icons/hicolor/48x48/Makefile
config.status:1019: creating data/icons/hicolor/48x48/apps/Makefile
config.status:1019: creating data/icons/hicolor/48x48/mimetypes/Makefile
config.status:1019: creating data/icons/hicolor/64x64/Makefile
config.status:1019: creating data/icons/hicolor/64x64/apps/Makefile
config.status:1019: creating data/icons/hicolor/128x128/Makefile
config.status:1019: creating data/icons/hicolor/128x128/apps/Makefile
config.status:1019: creating data/icons/hicolor/Makefile
config.status:1019: creating data/themes/Makefile
config.status:1019: creating data/themes/Air/Makefile
config.status:1019: creating data/themes/Glass/Makefile
config.status:1019: creating data/themes/Grayscale/Makefile
config.status:1019: creating data/themes/HUD/Makefile
config.status:1019: creating data/themes/Matte/Makefile
config.status:1019: creating data/themes/Smoke/Makefile
config.status:1019: creating data/themes/Transparent/Makefile
config.status:1019: creating lib/Makefile
config.status:1019: creating lib/wnck-sharp1/Makefile
config.status:1019: creating m4/Makefile
config.status:1019: creating man/Makefile
config.status:1019: creating po/Makefile.in
config.status:1191: executing depfiles commands
config.status:1191: executing default-1 commands
config.status:1191: executing po/stamp-it commands

## ---------------- ##
## Cache variables. ##
## ---------------- ##

ac_cv_c_compiler_gnu=yes
ac_cv_env_CC_set=
ac_cv_env_CC_value=
ac_cv_env_CFLAGS_set=
ac_cv_env_CFLAGS_value=
ac_cv_env_CPPFLAGS_set=
ac_cv_env_CPPFLAGS_value=
ac_cv_env_CPP_set=
ac_cv_env_CPP_value=
ac_cv_env_DBUS_SHARP_CFLAGS_set=
ac_cv_env_DBUS_SHARP_CFLAGS_value=
ac_cv_env_DBUS_SHARP_GLIB_CFLAGS_set=
ac_cv_env_DBUS_SHARP_GLIB_CFLAGS_value=
ac_cv_env_DBUS_SHARP_GLIB_LIBS_set=
ac_cv_env_DBUS_SHARP_GLIB_LIBS_value=
ac_cv_env_DBUS_SHARP_LIBS_set=
ac_cv_env_DBUS_SHARP_LIBS_value=
ac_cv_env_GCONF_CFLAGS_set=
ac_cv_env_GCONF_CFLAGS_value=
ac_cv_env_GCONF_LIBS_set=
ac_cv_env_GCONF_LIBS_value=
ac_cv_env_GCONF_SHARP_20_CFLAGS_set=
ac_cv_env_GCONF_SHARP_20_CFLAGS_value=
ac_cv_env_GCONF_SHARP_20_LIBS_set=
ac_cv_env_GCONF_SHARP_20_LIBS_value=
ac_cv_env_GDK_PIXBUF_CFLAGS_set=
ac_cv_env_GDK_PIXBUF_CFLAGS_value=
ac_cv_env_GDK_PIXBUF_LIBS_set=
ac_cv_env_GDK_PIXBUF_LIBS_value=
ac_cv_env_GIO_CFLAGS_set=
ac_cv_env_GIO_CFLAGS_value=
ac_cv_env_GIO_LIBS_set=
ac_cv_env_GIO_LIBS_value=
ac_cv_env_GIO_SHARP_CFLAGS_set=
ac_cv_env_GIO_SHARP_CFLAGS_value=
ac_cv_env_GIO_SHARP_LIBS_set=
ac_cv_env_GIO_SHARP_LIBS_value=
ac_cv_env_GKEYFILE_SHARP_CFLAGS_set=
ac_cv_env_GKEYFILE_SHARP_CFLAGS_value=
ac_cv_env_GKEYFILE_SHARP_LIBS_set=
ac_cv_env_GKEYFILE_SHARP_LIBS_value=
ac_cv_env_GLIB_CFLAGS_set=
ac_cv_env_GLIB_CFLAGS_value=
ac_cv_env_GLIB_LIBS_set=
ac_cv_env_GLIB_LIBS_value=
ac_cv_env_GLIB_SHARP_20_CFLAGS_set=
ac_cv_env_GLIB_SHARP_20_CFLAGS_value=
ac_cv_env_GLIB_SHARP_20_LIBS_set=
ac_cv_env_GLIB_SHARP_20_LIBS_value=
ac_cv_env_GNOME_KEYRING_SHARP_CFLAGS_set=
ac_cv_env_GNOME_KEYRING_SHARP_CFLAGS_value=
ac_cv_env_GNOME_KEYRING_SHARP_LIBS_set=
ac_cv_env_GNOME_KEYRING_SHARP_LIBS_value=
ac_cv_env_GTK_CFLAGS_set=
ac_cv_env_GTK_CFLAGS_value=
ac_cv_env_GTK_LIBS_set=
ac_cv_env_GTK_LIBS_value=
ac_cv_env_GTK_SHARP_20_CFLAGS_set=
ac_cv_env_GTK_SHARP_20_CFLAGS_value=
ac_cv_env_GTK_SHARP_20_LIBS_set=
ac_cv_env_GTK_SHARP_20_LIBS_value=
ac_cv_env_LDFLAGS_set=
ac_cv_env_LDFLAGS_value=
ac_cv_env_LIBS_set=
ac_cv_env_LIBS_value=
ac_cv_env_MONO_ADDINS_CFLAGS_set=
ac_cv_env_MONO_ADDINS_CFLAGS_value=
ac_cv_env_MONO_ADDINS_GUI_CFLAGS_set=
ac_cv_env_MONO_ADDINS_GUI_CFLAGS_value=
ac_cv_env_MONO_ADDINS_GUI_LIBS_set=
ac_cv_env_MONO_ADDINS_GUI_LIBS_value=
ac_cv_env_MONO_ADDINS_LIBS_set=
ac_cv_env_MONO_ADDINS_LIBS_value=
ac_cv_env_MONO_ADDINS_SETUP_CFLAGS_set=
ac_cv_env_MONO_ADDINS_SETUP_CFLAGS_value=
ac_cv_env_MONO_ADDINS_SETUP_LIBS_set=
ac_cv_env_MONO_ADDINS_SETUP_LIBS_value=
ac_cv_env_MONO_CAIRO_CFLAGS_set=
ac_cv_env_MONO_CAIRO_CFLAGS_value=
ac_cv_env_MONO_CAIRO_LIBS_set=
ac_cv_env_MONO_CAIRO_LIBS_value=
ac_cv_env_NOTIFY_SHARP_CFLAGS_set=
ac_cv_env_NOTIFY_SHARP_CFLAGS_value=
ac_cv_env_NOTIFY_SHARP_LIBS_set=
ac_cv_env_NOTIFY_SHARP_LIBS_value=
ac_cv_env_PKG_CONFIG_LIBDIR_set=
ac_cv_env_PKG_CONFIG_LIBDIR_value=
ac_cv_env_PKG_CONFIG_PATH_set=
ac_cv_env_PKG_CONFIG_PATH_value=
ac_cv_env_PKG_CONFIG_set=
ac_cv_env_PKG_CONFIG_value=
ac_cv_env_WNCK_CFLAGS_set=
ac_cv_env_WNCK_CFLAGS_value=
ac_cv_env_WNCK_LIBS_set=
ac_cv_env_WNCK_LIBS_value=
ac_cv_env_build_alias_set=
ac_cv_env_build_alias_value=
ac_cv_env_host_alias_set=
ac_cv_env_host_alias_value=
ac_cv_env_target_alias_set=
ac_cv_env_target_alias_value=
ac_cv_func_bind_textdomain_codeset=yes
ac_cv_func_dcgettext=yes
ac_cv_header_inttypes_h=yes
ac_cv_header_libintl_h=yes
ac_cv_header_locale_h=yes
ac_cv_header_memory_h=yes
ac_cv_header_stdc=yes
ac_cv_header_stdint_h=yes
ac_cv_header_stdlib_h=yes
ac_cv_header_string_h=yes
ac_cv_header_strings_h=yes
ac_cv_header_sys_stat_h=yes
ac_cv_header_sys_types_h=yes
ac_cv_header_unistd_h=yes
ac_cv_objext=o
ac_cv_path_EGREP='/usr/bin/grep -E'
ac_cv_path_GAPI2CODEGEN=/usr/bin/gapi2-codegen
ac_cv_path_GAPI2FIXUP=/usr/bin/gapi2-fixup
ac_cv_path_GCONFTOOL=/usr/bin/gconftool-2
ac_cv_path_GMSGFMT=/usr/bin/msgfmt
ac_cv_path_GREP=/usr/bin/grep
ac_cv_path_INTLTOOL_EXTRACT=/usr/bin/intltool-extract
ac_cv_path_INTLTOOL_MERGE=/usr/bin/intltool-merge
ac_cv_path_INTLTOOL_PERL=/usr/bin/perl
ac_cv_path_INTLTOOL_UPDATE=/usr/bin/intltool-update
ac_cv_path_MCS=/usr/bin/mcs
ac_cv_path_MONO=/usr/bin/mono
ac_cv_path_MSGFMT=/usr/bin/msgfmt
ac_cv_path_MSGMERGE=/usr/bin/msgmerge
ac_cv_path_XGETTEXT=/usr/bin/xgettext
ac_cv_path_ac_pt_PKG_CONFIG=/usr/bin/pkg-config
ac_cv_path_install='/usr/bin/install -c'
ac_cv_path_mkdir=/usr/bin/mkdir
ac_cv_prog_AWK=gawk
ac_cv_prog_CPP='gcc -E'
ac_cv_prog_ac_ct_CC=gcc
ac_cv_prog_cc_c89=
ac_cv_prog_cc_g=yes
ac_cv_prog_make_make_set=yes
am_cv_CC_dependencies_compiler_type=none
am_cv_make_support_nested_variables=yes
am_cv_prog_cc_c_o=yes
am_cv_prog_tar_pax=gnutar
am_cv_val_LC_MESSAGES=yes
gt_cv_func_CFLocaleCopyCurrent=no
gt_cv_func_CFPreferencesCopyAppValue=no
gt_cv_func_dgettext_libc=yes
gt_cv_func_dgettext_libintl=no
gt_cv_func_ngettext_libc=yes
gt_cv_have_gettext=yes
pkg_cv_DBUS_SHARP_CFLAGS=
pkg_cv_DBUS_SHARP_GLIB_CFLAGS=
pkg_cv_DBUS_SHARP_GLIB_LIBS='-r:/usr/lib/mono/dbus-sharp-glib-2.0/dbus-sharp-glib.dll -r:/usr/lib/mono/dbus-sharp-2.0/dbus-sharp.dll '
pkg_cv_DBUS_SHARP_LIBS='-r:/usr/lib/mono/dbus-sharp-2.0/dbus-sharp.dll '
pkg_cv_GCONF_CFLAGS='-I/usr/include/gconf/2 -I/usr/include/glib-2.0 -I/usr/lib/glib-2.0/include -I/usr/include/dbus-1.0 -I/usr/lib/dbus-1.0/include -pthread -I/usr/include/libmount -I/usr/include/blkid '
pkg_cv_GCONF_LIBS='-lgconf-2 -lglib-2.0 '
pkg_cv_GCONF_SHARP_20_CFLAGS=
pkg_cv_GCONF_SHARP_20_LIBS='-r:/usr/lib/mono/gtk-sharp-2.0/gconf-sharp.dll '
pkg_cv_GDK_PIXBUF_CFLAGS='-I/usr/include/gdk-pixbuf-2.0 -I/usr/include/glib-2.0 -I/usr/lib/glib-2.0/include -pthread -I/usr/include/libmount -I/usr/include/blkid '
pkg_cv_GDK_PIXBUF_LIBS='-lgdk_pixbuf-2.0 -lgobject-2.0 -lglib-2.0 '
pkg_cv_GIO_CFLAGS='-I/usr/include/glib-2.0 -I/usr/lib/glib-2.0/include -pthread -I/usr/include/libmount -I/usr/include/blkid '
pkg_cv_GIO_LIBS='-lgio-2.0 -lgobject-2.0 -lglib-2.0 '
pkg_cv_GIO_SHARP_CFLAGS='-I:/usr/lib/pkgconfig/../../share/gapi-2.0/gio-api.xml -I:/usr/lib/pkgconfig/../../share/gapi-2.0/glib-api.xml '
pkg_cv_GIO_SHARP_LIBS='-r:/usr/lib/pkgconfig/../../lib/gio-sharp/gio-sharp.dll -r:/usr/lib/pkgconfig/../../lib/mono/gtk-sharp-2.0/glib-sharp.dll '
pkg_cv_GKEYFILE_SHARP_CFLAGS='-I:/usr/lib/pkgconfig/../../share/gapi-2.0/glib-api.xml '
pkg_cv_GKEYFILE_SHARP_LIBS='-r:/usr/lib/mono/gkeyfile-sharp/gkeyfile-sharp.dll -r:/usr/lib/pkgconfig/../../lib/mono/gtk-sharp-2.0/glib-sharp.dll '
pkg_cv_GLIB_CFLAGS='-I/usr/include/glib-2.0 -I/usr/lib/glib-2.0/include '
pkg_cv_GLIB_LIBS='-lgobject-2.0 -lglib-2.0 '
pkg_cv_GLIB_SHARP_20_CFLAGS='-I:/usr/lib/pkgconfig/../../share/gapi-2.0/glib-api.xml '
pkg_cv_GLIB_SHARP_20_LIBS='-r:/usr/lib/pkgconfig/../../lib/mono/gtk-sharp-2.0/glib-sharp.dll '
pkg_cv_GNOME_KEYRING_SHARP_CFLAGS=
pkg_cv_GNOME_KEYRING_SHARP_LIBS='-r:/usr/lib/mono/gnome-keyring-sharp-1.0/Gnome.Keyring.dll '
pkg_cv_GTK_CFLAGS='-I/usr/include/gtk-2.0 -I/usr/lib/gtk-2.0/include -I/usr/include/pango-1.0 -I/usr/include/glib-2.0 -I/usr/lib/glib-2.0/include -I/usr/include/harfbuzz -I/usr/include/freetype2 -I/usr/include/libpng16 -I/usr/include/libmount -I/usr/include/blkid -I/usr/include/fribidi -I/usr/include/cairo -I/usr/include/pixman-1 -I/usr/include/gdk-pixbuf-2.0 -I/usr/include/atk-1.0 -pthread '
pkg_cv_GTK_LIBS='-lgtk-x11-2.0 -lgdk-x11-2.0 -lpangocairo-1.0 -latk-1.0 -lcairo -lgdk_pixbuf-2.0 -lgio-2.0 -lpangoft2-1.0 -lpango-1.0 -lgobject-2.0 -lglib-2.0 -lharfbuzz -lfontconfig -lfreetype '
pkg_cv_GTK_SHARP_20_CFLAGS='-I:/usr/lib/pkgconfig/../../share/gapi-2.0/pango-api.xml -I:/usr/lib/pkgconfig/../../share/gapi-2.0/atk-api.xml -I:/usr/lib/pkgconfig/../../share/gapi-2.0/gdk-api.xml -I:/usr/lib/pkgconfig/../../share/gapi-2.0/gtk-api.xml -I:/usr/lib/pkgconfig/../../share/gapi-2.0/glib-api.xml '
pkg_cv_GTK_SHARP_20_LIBS='-r:/usr/lib/pkgconfig/../../lib/mono/gtk-sharp-2.0/pango-sharp.dll -r:/usr/lib/pkgconfig/../../lib/mono/gtk-sharp-2.0/atk-sharp.dll -r:/usr/lib/pkgconfig/../../lib/mono/gtk-sharp-2.0/gdk-sharp.dll -r:/usr/lib/pkgconfig/../../lib/mono/gtk-sharp-2.0/gtk-sharp.dll -r:/usr/lib/pkgconfig/../../lib/mono/gtk-sharp-2.0/glib-sharp.dll '
pkg_cv_MONO_ADDINS_CFLAGS=
pkg_cv_MONO_ADDINS_GUI_CFLAGS=
pkg_cv_MONO_ADDINS_GUI_LIBS='-r:/usr/lib/pkgconfig/../../lib/mono/mono-addins/Mono.Addins.Gui.dll -r:/usr/lib/pkgconfig/../../lib/mono/mono-addins/Mono.Addins.dll '
pkg_cv_MONO_ADDINS_LIBS='-r:/usr/lib/pkgconfig/../../lib/mono/mono-addins/Mono.Addins.dll '
pkg_cv_MONO_ADDINS_SETUP_CFLAGS=
pkg_cv_MONO_ADDINS_SETUP_LIBS='-r:/usr/lib/pkgconfig/../../lib/mono/mono-addins/Mono.Addins.Setup.dll -r:/usr/lib/pkgconfig/../../lib/mono/mono-addins/Mono.Addins.dll '
pkg_cv_MONO_CAIRO_CFLAGS=
pkg_cv_MONO_CAIRO_LIBS='-r:Mono.Cairo '
pkg_cv_NOTIFY_SHARP_CFLAGS='-I:/usr/lib/pkgconfig/../../share/gapi-2.0/pango-api.xml -I:/usr/lib/pkgconfig/../../share/gapi-2.0/atk-api.xml -I:/usr/lib/pkgconfig/../../share/gapi-2.0/gdk-api.xml -I:/usr/lib/pkgconfig/../../share/gapi-2.0/gtk-api.xml -I:/usr/lib/pkgconfig/../../share/gapi-2.0/glib-api.xml '
pkg_cv_NOTIFY_SHARP_LIBS='-r:/usr/lib/mono/notify-sharp/notify-sharp.dll -r:/usr/lib/pkgconfig/../../lib/mono/gtk-sharp-2.0/pango-sharp.dll -r:/usr/lib/pkgconfig/../../lib/mono/gtk-sharp-2.0/atk-sharp.dll -r:/usr/lib/pkgconfig/../../lib/mono/gtk-sharp-2.0/gdk-sharp.dll -r:/usr/lib/pkgconfig/../../lib/mono/gtk-sharp-2.0/gtk-sharp.dll -r:/usr/lib/pkgconfig/../../lib/mono/gtk-sharp-2.0/glib-sharp.dll '
pkg_cv_WNCK_CFLAGS='-I/usr/include/libwnck-1.0 -I/usr/include/glib-2.0 -I/usr/lib/glib-2.0/include -I/usr/include/gtk-2.0 -I/usr/lib/gtk-2.0/include -I/usr/include/pango-1.0 -I/usr/include/harfbuzz -I/usr/include/freetype2 -I/usr/include/libpng16 -I/usr/include/libmount -I/usr/include/blkid -I/usr/include/fribidi -I/usr/include/cairo -I/usr/include/pixman-1 -I/usr/include/gdk-pixbuf-2.0 -I/usr/include/atk-1.0 -pthread -I/usr/include/startup-notification-1.0 '
pkg_cv_WNCK_LIBS='-lwnck-1 -lgtk-x11-2.0 -lgdk-x11-2.0 -lpangocairo-1.0 -latk-1.0 -lcairo -lgdk_pixbuf-2.0 -lgio-2.0 -lpangoft2-1.0 -lpango-1.0 -lgobject-2.0 -lglib-2.0 -lharfbuzz -lfontconfig -lfreetype '

## ----------------- ##
## Output variables. ##
## ----------------- ##

ABI_VERSION='0.1'
ACLOCAL='${SHELL} /home/pierrep/Bureau/Desktop-Personal-Config/docky-2.2.1.1/missing aclocal-1.16'
ALL_LINGUAS='af ar ast be bg bn bs ca cs da de el en_AU en_GB es et eu fa fi fil fo fr gd gl he hi hr hu hy id is it ja jv kk ko ky lt ml ms nb nl nn oc or pl ps pt pt_BR ro ru si sk sl sr sv ta te th tr ug uk uz vi zh_CN zh_HK zh_TW'
AMDEPBACKSLASH='\'
AMDEP_FALSE='#'
AMDEP_TRUE=''
AMTAR='$${TAR-tar}'
AM_BACKSLASH='\'
AM_DEFAULT_V='$(AM_DEFAULT_VERBOSITY)'
AM_DEFAULT_VERBOSITY='1'
AM_V='$(V)'
AUTOCONF='${SHELL} /home/pierrep/Bureau/Desktop-Personal-Config/docky-2.2.1.1/missing autoconf'
AUTOHEADER='${SHELL} /home/pierrep/Bureau/Desktop-Personal-Config/docky-2.2.1.1/missing autoheader'
AUTOMAKE='${SHELL} /home/pierrep/Bureau/Desktop-Personal-Config/docky-2.2.1.1/missing automake-1.16'
AWK='gawk'
BZR_REVNO='0.1'
CATALOGS=' af.gmo ar.gmo ast.gmo be.gmo bg.gmo bn.gmo bs.gmo ca.gmo cs.gmo da.gmo de.gmo el.gmo en_AU.gmo en_GB.gmo es.gmo et.gmo eu.gmo fa.gmo fi.gmo fil.gmo fo.gmo fr.gmo gd.gmo gl.gmo he.gmo hi.gmo hr.gmo hu.gmo hy.gmo id.gmo is.gmo it.gmo ja.gmo jv.gmo kk.gmo ko.gmo ky.gmo lt.gmo ml.gmo ms.gmo nb.gmo nl.gmo nn.gmo oc.gmo or.gmo pl.gmo ps.gmo pt.gmo pt_BR.gmo ro.gmo ru.gmo si.gmo sk.gmo sl.gmo sr.gmo sv.gmo ta.gmo te.gmo th.gmo tr.gmo ug.gmo uk.gmo uz.gmo vi.gmo zh_CN.gmo zh_HK.gmo zh_TW.gmo'
CATOBJEXT='.gmo'
CC='gcc'
CCDEPMODE='depmode=none'
CFLAGS='-g -O2'
CONFIG_REQUESTED_FALSE='#'
CONFIG_REQUESTED_TRUE=''
CONFIG_STATUS_DEPENDENCIES='$(top_srcdir)/po/LINGUAS'
CPP='gcc -E'
CPPFLAGS=''
CYGPATH_W='echo'
DATADIRNAME='share'
DBUS_SHARP_CFLAGS=''
DBUS_SHARP_GLIB_CFLAGS=''
DBUS_SHARP_GLIB_LIBS='-r:/usr/lib/mono/dbus-sharp-glib-2.0/dbus-sharp-glib.dll -r:/usr/lib/mono/dbus-sharp-2.0/dbus-sharp.dll '
DBUS_SHARP_LIBS='-r:/usr/lib/mono/dbus-sharp-2.0/dbus-sharp.dll '
DEFS='-DPACKAGE_NAME=\"docky\" -DPACKAGE_TARNAME=\"docky\" -DPACKAGE_VERSION=\"2.2.1.1\" -DPACKAGE_STRING=\"docky\ 2.2.1.1\" -DPACKAGE_BUGREPORT=\"https://bugs.launchpad.net/docky\" -DPACKAGE_URL=\"https://launchpad.net/docky\" -DPACKAGE=\"docky\" -DVERSION=\"2.2.1.1\" -DSTDC_HEADERS=1 -DHAVE_SYS_TYPES_H=1 -DHAVE_SYS_STAT_H=1 -DHAVE_STDLIB_H=1 -DHAVE_STRING_H=1 -DHAVE_MEMORY_H=1 -DHAVE_STRINGS_H=1 -DHAVE_INTTYPES_H=1 -DHAVE_STDINT_H=1 -DHAVE_UNISTD_H=1 -DGETTEXT_PACKAGE=\"docky\" -DHAVE_LOCALE_H=1 -DHAVE_LC_MESSAGES=1 -DHAVE_BIND_TEXTDOMAIN_CODESET=1 -DHAVE_GETTEXT=1 -DHAVE_DCGETTEXT=1 -DENABLE_NLS=1 -DSTDC_HEADERS=1'
DEPDIR='.deps'
DOCKY_DEBUG_ARGS=''
ECHO_C=''
ECHO_N='-n'
ECHO_T=''
EGREP='/usr/bin/grep -E'
ENABLE_DEBUG_FALSE=''
ENABLE_DEBUG_TRUE='#'
ENABLE_HEAP_SHOT_FALSE=''
ENABLE_HEAP_SHOT_TRUE='#'
ENABLE_RELEASE_FALSE=''
ENABLE_RELEASE_TRUE='#'
EXEEXT=''
GAPI2CODEGEN='/usr/bin/gapi2-codegen'
GAPI2FIXUP='/usr/bin/gapi2-fixup'
GCONFTOOL='/usr/bin/gconftool-2'
GCONF_CFLAGS='-I/usr/include/gconf/2 -I/usr/include/glib-2.0 -I/usr/lib/glib-2.0/include -I/usr/include/dbus-1.0 -I/usr/lib/dbus-1.0/include -pthread -I/usr/include/libmount -I/usr/include/blkid '
GCONF_LIBS='-lgconf-2 -lglib-2.0 '
GCONF_SCHEMAS_INSTALL_FALSE=''
GCONF_SCHEMAS_INSTALL_TRUE='#'
GCONF_SCHEMA_CONFIG_SOURCE='xml:merged:/etc/gconf/gconf.xml.defaults'
GCONF_SCHEMA_FILE_DIR='/usr/share/gconf/schemas'
GCONF_SHARP_20_CFLAGS=''
GCONF_SHARP_20_LIBS='-r:/usr/lib/mono/gtk-sharp-2.0/gconf-sharp.dll '
GDK_PIXBUF_CFLAGS='-I/usr/include/gdk-pixbuf-2.0 -I/usr/include/glib-2.0 -I/usr/lib/glib-2.0/include -pthread -I/usr/include/libmount -I/usr/include/blkid '
GDK_PIXBUF_LIBS='-lgdk_pixbuf-2.0 -lgobject-2.0 -lglib-2.0 '
GETTEXT_PACKAGE='docky'
GIO_CFLAGS='-I/usr/include/glib-2.0 -I/usr/lib/glib-2.0/include -pthread -I/usr/include/libmount -I/usr/include/blkid '
GIO_LIBS='-lgio-2.0 -lgobject-2.0 -lglib-2.0 '
GIO_SHARP_ASSEMBLIES=' /home/pierrep/Bureau/Desktop-Personal-Config/docky-2.2.1.1//build/gio-sharp.dll /home/pierrep/Bureau/Desktop-Personal-Config/docky-2.2.1.1//build/gio-sharp.dll.config'
GIO_SHARP_CFLAGS='-I:/usr/lib/pkgconfig/../../share/gapi-2.0/gio-api.xml -I:/usr/lib/pkgconfig/../../share/gapi-2.0/glib-api.xml '
GIO_SHARP_LIBS='-r:/usr/lib/pkgconfig/../../lib/gio-sharp/gio-sharp.dll -r:/usr/lib/pkgconfig/../../lib/mono/gtk-sharp-2.0/glib-sharp.dll  -r:/home/pierrep/Bureau/Desktop-Personal-Config/docky-2.2.1.1//build/gio-sharp.dll'
GKEYFILE_SHARP_CFLAGS='-I:/usr/lib/pkgconfig/../../share/gapi-2.0/glib-api.xml '
GKEYFILE_SHARP_LIBS='-r:/usr/lib/mono/gkeyfile-sharp/gkeyfile-sharp.dll -r:/usr/lib/pkgconfig/../../lib/mono/gtk-sharp-2.0/glib-sharp.dll '
GLIB_CFLAGS='-I/usr/include/glib-2.0 -I/usr/lib/glib-2.0/include '
GLIB_LIBS='-lgobject-2.0 -lglib-2.0 '
GLIB_SHARP_20_CFLAGS='-I:/usr/lib/pkgconfig/../../share/gapi-2.0/glib-api.xml '
GLIB_SHARP_20_LIBS='-r:/usr/lib/pkgconfig/../../lib/mono/gtk-sharp-2.0/glib-sharp.dll '
GMCS=''
GMOFILES=' af.gmo ar.gmo ast.gmo be.gmo bg.gmo bn.gmo bs.gmo ca.gmo cs.gmo da.gmo de.gmo el.gmo en_AU.gmo en_GB.gmo es.gmo et.gmo eu.gmo fa.gmo fi.gmo fil.gmo fo.gmo fr.gmo gd.gmo gl.gmo he.gmo hi.gmo hr.gmo hu.gmo hy.gmo id.gmo is.gmo it.gmo ja.gmo jv.gmo kk.gmo ko.gmo ky.gmo lt.gmo ml.gmo ms.gmo nb.gmo nl.gmo nn.gmo oc.gmo or.gmo pl.gmo ps.gmo pt.gmo pt_BR.gmo ro.gmo ru.gmo si.gmo sk.gmo sl.gmo sr.gmo sv.gmo ta.gmo te.gmo th.gmo tr.gmo ug.gmo uk.gmo uz.gmo vi.gmo zh_CN.gmo zh_HK.gmo zh_TW.gmo'
GMSGFMT='/usr/bin/msgfmt'
GNOME_KEYRING_SHARP_CFLAGS=''
GNOME_KEYRING_SHARP_LIBS='-r:/usr/lib/mono/gnome-keyring-sharp-1.0/Gnome.Keyring.dll '
GREP='/usr/bin/grep'
GTK_CFLAGS='-I/usr/include/gtk-2.0 -I/usr/lib/gtk-2.0/include -I/usr/include/pango-1.0 -I/usr/include/glib-2.0 -I/usr/lib/glib-2.0/include -I/usr/include/harfbuzz -I/usr/include/freetype2 -I/usr/include/libpng16 -I/usr/include/libmount -I/usr/include/blkid -I/usr/include/fribidi -I/usr/include/cairo -I/usr/include/pixman-1 -I/usr/include/gdk-pixbuf-2.0 -I/usr/include/atk-1.0 -pthread '
GTK_LIBS='-lgtk-x11-2.0 -lgdk-x11-2.0 -lpangocairo-1.0 -latk-1.0 -lcairo -lgdk_pixbuf-2.0 -lgio-2.0 -lpangoft2-1.0 -lpango-1.0 -lgobject-2.0 -lglib-2.0 -lharfbuzz -lfontconfig -lfreetype '
GTK_SHARP_20_CFLAGS='-I:/usr/lib/pkgconfig/../../share/gapi-2.0/pango-api.xml -I:/usr/lib/pkgconfig/../../share/gapi-2.0/atk-api.xml -I:/usr/lib/pkgconfig/../../share/gapi-2.0/gdk-api.xml -I:/usr/lib/pkgconfig/../../share/gapi-2.0/gtk-api.xml -I:/usr/lib/pkgconfig/../../share/gapi-2.0/glib-api.xml '
GTK_SHARP_20_LIBS='-r:/usr/lib/pkgconfig/../../lib/mono/gtk-sharp-2.0/pango-sharp.dll -r:/usr/lib/pkgconfig/../../lib/mono/gtk-sharp-2.0/atk-sharp.dll -r:/usr/lib/pkgconfig/../../lib/mono/gtk-sharp-2.0/gdk-sharp.dll -r:/usr/lib/pkgconfig/../../lib/mono/gtk-sharp-2.0/gtk-sharp.dll -r:/usr/lib/pkgconfig/../../lib/mono/gtk-sharp-2.0/glib-sharp.dll '
INSTALL_DATA='${INSTALL} -m 644'
INSTALL_PROGRAM='${INSTALL}'
INSTALL_SCRIPT='${INSTALL}'
INSTALL_STRIP_PROGRAM='$(install_sh) -c -s'
INSTOBJEXT='.mo'
INTLLIBS=''
INTLTOOL_CAVES_RULE='%.caves:     %.caves.in     $(INTLTOOL_MERGE) $(wildcard $(top_srcdir)/po/*.po) ; $(INTLTOOL_V_MERGE)LC_ALL=C $(INTLTOOL_MERGE) $(INTLTOOL_V_MERGE_OPTIONS) -d -u -c $(top_builddir)/po/.intltool-merge-cache $(top_srcdir)/po $< $@'
INTLTOOL_DESKTOP_RULE='%.desktop:   %.desktop.in   $(INTLTOOL_MERGE) $(wildcard $(top_srcdir)/po/*.po) ; $(INTLTOOL_V_MERGE)LC_ALL=C $(INTLTOOL_MERGE) $(INTLTOOL_V_MERGE_OPTIONS) -d -u -c $(top_builddir)/po/.intltool-merge-cache $(top_srcdir)/po $< $@'
INTLTOOL_DIRECTORY_RULE='%.directory: %.directory.in $(INTLTOOL_MERGE) $(wildcard $(top_srcdir)/po/*.po) ; $(INTLTOOL_V_MERGE)LC_ALL=C $(INTLTOOL_MERGE) $(INTLTOOL_V_MERGE_OPTIONS) -d -u -c $(top_builddir)/po/.intltool-merge-cache $(top_srcdir)/po $< $@'
INTLTOOL_EXTRACT='/usr/bin/intltool-extract'
INTLTOOL_KBD_RULE='%.kbd:       %.kbd.in       $(INTLTOOL_MERGE) $(wildcard $(top_srcdir)/po/*.po) ; $(INTLTOOL_V_MERGE)LC_ALL=C $(INTLTOOL_MERGE) $(INTLTOOL_V_MERGE_OPTIONS) -x -u -m -c $(top_builddir)/po/.intltool-merge-cache $(top_srcdir)/po $< $@'
INTLTOOL_KEYS_RULE='%.keys:      %.keys.in      $(INTLTOOL_MERGE) $(wildcard $(top_srcdir)/po/*.po) ; $(INTLTOOL_V_MERGE)LC_ALL=C $(INTLTOOL_MERGE) $(INTLTOOL_V_MERGE_OPTIONS) -k -u -c $(top_builddir)/po/.intltool-merge-cache $(top_srcdir)/po $< $@'
INTLTOOL_MERGE='/usr/bin/intltool-merge'
INTLTOOL_OAF_RULE='%.oaf:       %.oaf.in       $(INTLTOOL_MERGE) $(wildcard $(top_srcdir)/po/*.po) ; $(INTLTOOL_V_MERGE)LC_ALL=C $(INTLTOOL_MERGE) $(INTLTOOL_V_MERGE_OPTIONS) -o -p $(top_srcdir)/po $< $@'
INTLTOOL_PERL='/usr/bin/perl'
INTLTOOL_POLICY_RULE='%.policy:    %.policy.in    $(INTLTOOL_MERGE) $(wildcard $(top_srcdir)/po/*.po) ; $(INTLTOOL_V_MERGE)LC_ALL=C $(INTLTOOL_MERGE) $(INTLTOOL_V_MERGE_OPTIONS) -x -u -c $(top_builddir)/po/.intltool-merge-cache $(top_srcdir)/po $< $@'
INTLTOOL_PONG_RULE='%.pong:      %.pong.in      $(INTLTOOL_MERGE) $(wildcard $(top_srcdir)/po/*.po) ; $(INTLTOOL_V_MERGE)LC_ALL=C $(INTLTOOL_MERGE) $(INTLTOOL_V_MERGE_OPTIONS) -x -u -c $(top_builddir)/po/.intltool-merge-cache $(top_srcdir)/po $< $@'
INTLTOOL_PROP_RULE='%.prop:      %.prop.in      $(INTLTOOL_MERGE) $(wildcard $(top_srcdir)/po/*.po) ; $(INTLTOOL_V_MERGE)LC_ALL=C $(INTLTOOL_MERGE) $(INTLTOOL_V_MERGE_OPTIONS) -d -u -c $(top_builddir)/po/.intltool-merge-cache $(top_srcdir)/po $< $@'
INTLTOOL_SCHEMAS_RULE='%.schemas:   %.schemas.in   $(INTLTOOL_MERGE) $(wildcard $(top_srcdir)/po/*.po) ; $(INTLTOOL_V_MERGE)LC_ALL=C $(INTLTOOL_MERGE) $(INTLTOOL_V_MERGE_OPTIONS) -s -u -c $(top_builddir)/po/.intltool-merge-cache $(top_srcdir)/po $< $@'
INTLTOOL_SERVER_RULE='%.server:    %.server.in    $(INTLTOOL_MERGE) $(wildcard $(top_srcdir)/po/*.po) ; $(INTLTOOL_V_MERGE)LC_ALL=C $(INTLTOOL_MERGE) $(INTLTOOL_V_MERGE_OPTIONS) -o -u -c $(top_builddir)/po/.intltool-merge-cache $(top_srcdir)/po $< $@'
INTLTOOL_SERVICE_RULE='%.service: %.service.in   $(INTLTOOL_MERGE) $(wildcard $(top_srcdir)/po/*.po) ; $(INTLTOOL_V_MERGE)LC_ALL=C $(INTLTOOL_MERGE) $(INTLTOOL_V_MERGE_OPTIONS) -d -u -c $(top_builddir)/po/.intltool-merge-cache $(top_srcdir)/po $< $@'
INTLTOOL_SHEET_RULE='%.sheet:     %.sheet.in     $(INTLTOOL_MERGE) $(wildcard $(top_srcdir)/po/*.po) ; $(INTLTOOL_V_MERGE)LC_ALL=C $(INTLTOOL_MERGE) $(INTLTOOL_V_MERGE_OPTIONS) -x -u -c $(top_builddir)/po/.intltool-merge-cache $(top_srcdir)/po $< $@'
INTLTOOL_SOUNDLIST_RULE='%.soundlist: %.soundlist.in $(INTLTOOL_MERGE) $(wildcard $(top_srcdir)/po/*.po) ; $(INTLTOOL_V_MERGE)LC_ALL=C $(INTLTOOL_MERGE) $(INTLTOOL_V_MERGE_OPTIONS) -d -u -c $(top_builddir)/po/.intltool-merge-cache $(top_srcdir)/po $< $@'
INTLTOOL_THEME_RULE='%.theme:     %.theme.in     $(INTLTOOL_MERGE) $(wildcard $(top_srcdir)/po/*.po) ; $(INTLTOOL_V_MERGE)LC_ALL=C $(INTLTOOL_MERGE) $(INTLTOOL_V_MERGE_OPTIONS) -d -u -c $(top_builddir)/po/.intltool-merge-cache $(top_srcdir)/po $< $@'
INTLTOOL_UI_RULE='%.ui:        %.ui.in        $(INTLTOOL_MERGE) $(wildcard $(top_srcdir)/po/*.po) ; $(INTLTOOL_V_MERGE)LC_ALL=C $(INTLTOOL_MERGE) $(INTLTOOL_V_MERGE_OPTIONS) -x -u -c $(top_builddir)/po/.intltool-merge-cache $(top_srcdir)/po $< $@'
INTLTOOL_UPDATE='/usr/bin/intltool-update'
INTLTOOL_V_MERGE='$(INTLTOOL__v_MERGE_$(V))'
INTLTOOL_V_MERGE_OPTIONS='$(intltool__v_merge_options_$(V))'
INTLTOOL_XAM_RULE='%.xam:       %.xml.in       $(INTLTOOL_MERGE) $(wildcard $(top_srcdir)/po/*.po) ; $(INTLTOOL_V_MERGE)LC_ALL=C $(INTLTOOL_MERGE) $(INTLTOOL_V_MERGE_OPTIONS) -x -u -c $(top_builddir)/po/.intltool-merge-cache $(top_srcdir)/po $< $@'
INTLTOOL_XML_NOMERGE_RULE='%.xml:       %.xml.in       $(INTLTOOL_MERGE) ; $(INTLTOOL_V_MERGE)LC_ALL=C $(INTLTOOL_MERGE) $(INTLTOOL_V_MERGE_OPTIONS) -x -u --no-translations $< $@'
INTLTOOL_XML_RULE='%.xml:       %.xml.in       $(INTLTOOL_MERGE) $(wildcard $(top_srcdir)/po/*.po) ; $(INTLTOOL_V_MERGE)LC_ALL=C $(INTLTOOL_MERGE) $(INTLTOOL_V_MERGE_OPTIONS) -x -u -c $(top_builddir)/po/.intltool-merge-cache $(top_srcdir)/po $< $@'
INTLTOOL__v_MERGE_0='@echo "  ITMRG " $@;'
INTLTOOL__v_MERGE_='$(INTLTOOL__v_MERGE_$(AM_DEFAULT_VERBOSITY))'
INTL_MACOSX_LIBS=''
LDFLAGS=''
LIBOBJS=''
LIBS=''
LTLIBOBJS=''
MAKEINFO='${SHELL} /home/pierrep/Bureau/Desktop-Personal-Config/docky-2.2.1.1/missing makeinfo'
MCS='/usr/bin/mcs'
MCS_FLAGS='-noconfig -codepage:utf8 -warn:4'
MKDIR_P='/usr/bin/mkdir -p'
MKINSTALLDIRS='./mkinstalldirs'
MONO='/usr/bin/mono'
MONO_ADDINS_CFLAGS=''
MONO_ADDINS_GUI_CFLAGS=''
MONO_ADDINS_GUI_LIBS='-r:/usr/lib/pkgconfig/../../lib/mono/mono-addins/Mono.Addins.Gui.dll -r:/usr/lib/pkgconfig/../../lib/mono/mono-addins/Mono.Addins.dll '
MONO_ADDINS_LIBS='-r:/usr/lib/pkgconfig/../../lib/mono/mono-addins/Mono.Addins.dll '
MONO_ADDINS_SETUP_CFLAGS=''
MONO_ADDINS_SETUP_LIBS='-r:/usr/lib/pkgconfig/../../lib/mono/mono-addins/Mono.Addins.Setup.dll -r:/usr/lib/pkgconfig/../../lib/mono/mono-addins/Mono.Addins.dll '
MONO_CAIRO_CFLAGS=''
MONO_CAIRO_LIBS='-r:Mono.Cairo'
MONO_DEBUG_ARGS=''
MSGFMT='/usr/bin/msgfmt'
MSGFMT_OPTS='-c'
MSGMERGE='/usr/bin/msgmerge'
NOTIFY_SHARP_CFLAGS='-I:/usr/lib/pkgconfig/../../share/gapi-2.0/pango-api.xml -I:/usr/lib/pkgconfig/../../share/gapi-2.0/atk-api.xml -I:/usr/lib/pkgconfig/../../share/gapi-2.0/gdk-api.xml -I:/usr/lib/pkgconfig/../../share/gapi-2.0/gtk-api.xml -I:/usr/lib/pkgconfig/../../share/gapi-2.0/glib-api.xml '
NOTIFY_SHARP_LIBS='-r:/usr/lib/mono/notify-sharp/notify-sharp.dll -r:/usr/lib/pkgconfig/../../lib/mono/gtk-sharp-2.0/pango-sharp.dll -r:/usr/lib/pkgconfig/../../lib/mono/gtk-sharp-2.0/atk-sharp.dll -r:/usr/lib/pkgconfig/../../lib/mono/gtk-sharp-2.0/gdk-sharp.dll -r:/usr/lib/pkgconfig/../../lib/mono/gtk-sharp-2.0/gtk-sharp.dll -r:/usr/lib/pkgconfig/../../lib/mono/gtk-sharp-2.0/glib-sharp.dll '
OBJEXT='o'
PACKAGE='docky'
PACKAGE_BUGREPORT='https://bugs.launchpad.net/docky'
PACKAGE_NAME='docky'
PACKAGE_STRING='docky 2.2.1.1'
PACKAGE_TARNAME='docky'
PACKAGE_URL='https://launchpad.net/docky'
PACKAGE_VERSION='2.2.1.1'
PATH_SEPARATOR=':'
PKG_CONFIG='/usr/bin/pkg-config'
PKG_CONFIG_LIBDIR=''
PKG_CONFIG_PATH=''
POFILES=' af.po ar.po ast.po be.po bg.po bn.po bs.po ca.po cs.po da.po de.po el.po en_AU.po en_GB.po es.po et.po eu.po fa.po fi.po fil.po fo.po fr.po gd.po gl.po he.po hi.po hr.po hu.po hy.po id.po is.po it.po ja.po jv.po kk.po ko.po ky.po lt.po ml.po ms.po nb.po nl.po nn.po oc.po or.po pl.po ps.po pt.po pt_BR.po ro.po ru.po si.po sk.po sl.po sr.po sv.po ta.po te.po th.po tr.po ug.po uk.po uz.po vi.po zh_CN.po zh_HK.po zh_TW.po'
POSUB='po'
PO_IN_DATADIR_FALSE=''
PO_IN_DATADIR_TRUE=''
SET_MAKE=''
SHELL='/bin/sh'
STRIP=''
USE_NLS='yes'
VERSION='2.2.1.1'
VERSION_INFO='Release'
WNCK_CFLAGS='-I/usr/include/libwnck-1.0 -I/usr/include/glib-2.0 -I/usr/lib/glib-2.0/include -I/usr/include/gtk-2.0 -I/usr/lib/gtk-2.0/include -I/usr/include/pango-1.0 -I/usr/include/harfbuzz -I/usr/include/freetype2 -I/usr/include/libpng16 -I/usr/include/libmount -I/usr/include/blkid -I/usr/include/fribidi -I/usr/include/cairo -I/usr/include/pixman-1 -I/usr/include/gdk-pixbuf-2.0 -I/usr/include/atk-1.0 -pthread -I/usr/include/startup-notification-1.0 '
WNCK_LIBS='-lwnck-1 -lgtk-x11-2.0 -lgdk-x11-2.0 -lpangocairo-1.0 -latk-1.0 -lcairo -lgdk_pixbuf-2.0 -lgio-2.0 -lpangoft2-1.0 -lpango-1.0 -lgobject-2.0 -lglib-2.0 -lharfbuzz -lfontconfig -lfreetype '
WNCK_SHARP_10_LIBS='-r:/home/pierrep/Bureau/Desktop-Personal-Config/docky-2.2.1.1/build/wnck-sharp1.dll'
XGETTEXT='/usr/bin/xgettext'
ac_ct_CC='gcc'
am__EXEEXT_FALSE=''
am__EXEEXT_TRUE='#'
am__fastdepCC_FALSE=''
am__fastdepCC_TRUE='#'
am__include='include'
am__isrc=''
am__leading_dot='.'
am__nodep='_no'
am__quote=''
am__tar='tar --format=posix -chf - "$$tardir"'
am__untar='tar -xf -'
bindir='${exec_prefix}/bin'
build_alias=''
datadir='${datarootdir}'
datarootdir='${prefix}/share'
docdir='${datarootdir}/doc/${PACKAGE_TARNAME}'
dvidir='${docdir}'
exec_prefix='/usr'
expanded_bindir='/usr/bin'
expanded_datadir='/usr/share'
expanded_libdir='/usr/lib'
host_alias=''
htmldir='${docdir}'
includedir='${prefix}/include'
infodir='${datarootdir}/info'
install_sh='${SHELL} /home/pierrep/Bureau/Desktop-Personal-Config/docky-2.2.1.1/install-sh'
intltool__v_merge_options_0='-q'
intltool__v_merge_options_='$(intltool__v_merge_options_$(AM_DEFAULT_VERBOSITY))'
libdir='${exec_prefix}/lib'
libexecdir='${exec_prefix}/libexec'
localedir='${datarootdir}/locale'
localstatedir='${prefix}/var'
mandir='${datarootdir}/man'
mkdir_p='$(MKDIR_P)'
oldincludedir='/usr/include'
pdfdir='${docdir}'
prefix='/usr'
program_transform_name='s,x,x,'
psdir='${docdir}'
sbindir='${exec_prefix}/sbin'
sharedstatedir='${prefix}/com'
sysconfdir='/etc'
target_alias=''

## ----------- ##
## confdefs.h. ##
## ----------- ##

/* confdefs.h */
#define PACKAGE_NAME "docky"
#define PACKAGE_TARNAME "docky"
#define PACKAGE_VERSION "2.2.1.1"
#define PACKAGE_STRING "docky 2.2.1.1"
#define PACKAGE_BUGREPORT "https://bugs.launchpad.net/docky"
#define PACKAGE_URL "https://launchpad.net/docky"
#define PACKAGE "docky"
#define VERSION "2.2.1.1"
#define STDC_HEADERS 1
#define HAVE_SYS_TYPES_H 1
#define HAVE_SYS_STAT_H 1
#define HAVE_STDLIB_H 1
#define HAVE_STRING_H 1
#define HAVE_MEMORY_H 1
#define HAVE_STRINGS_H 1
#define HAVE_INTTYPES_H 1
#define HAVE_STDINT_H 1
#define HAVE_UNISTD_H 1
#define GETTEXT_PACKAGE "docky"
#define HAVE_LOCALE_H 1
#define HAVE_LC_MESSAGES 1
#define HAVE_BIND_TEXTDOMAIN_CODESET 1
#define HAVE_GETTEXT 1
#define HAVE_DCGETTEXT 1
#define ENABLE_NLS 1
#define STDC_HEADERS 1

configure: exit 0
